c_entry.o
test_list.o
test_vector.o
main.o
cstl_algo_mutating.o
cstl_algo_mutating_aux.o
cstl_algo_mutating_private.o
cstl_algo_nonmutating.o
cstl_algo_nonmutating_private.o
cstl_algo_sorting.o
cstl_algo_sorting_aux.o
cstl_algo_sorting_private.o
cstl_alloc.o
cstl_alloc_aux.o
cstl_avl_tree.o
cstl_avl_tree_aux.o
cstl_avl_tree_iterator.o
cstl_avl_tree_private.o
cstl_basic_string.o
cstl_basic_string_aux.o
cstl_basic_string_iterator.o
cstl_basic_string_private.o
cstl_deque.o
cstl_deque_aux.o
cstl_deque_iterator.o
cstl_deque_private.o
cstl_function.o
cstl_function_private.o
cstl_hash_map.o
cstl_hash_map_aux.o
cstl_hash_map_iterator.o
cstl_hash_map_private.o
cstl_hash_multimap.o
cstl_hash_multimap_aux.o
cstl_hash_multimap_iterator.o
cstl_hash_multimap_private.o
cstl_hash_multiset.o
cstl_hash_multiset_aux.o
cstl_hash_multiset_iterator.o
cstl_hash_multiset_private.o
cstl_hash_set.o
cstl_hash_set_aux.o
cstl_hash_set_iterator.o
cstl_hash_set_private.o
cstl_hashtable.o
cstl_hashtable_aux.o
cstl_hashtable_iterator.o
cstl_hashtable_private.o
cstl_heap.o
cstl_heap_aux.o
cstl_iterator.o
cstl_iterator_private.o
cstl_list.o
cstl_list_aux.o
cstl_list_iterator.o
cstl_list_private.o
cstl_map.o
cstl_map_aux.o
cstl_map_iterator.o
cstl_map_private.o
cstl_multimap.o
cstl_multimap_aux.o
cstl_multimap_iterator.o
cstl_multimap_private.o
cstl_multiset.o
cstl_multiset_aux.o
cstl_multiset_iterator.o
cstl_multiset_private.o
cstl_numeric.o
cstl_numeric_private.o
cstl_pair.o
cstl_pair_aux.o
cstl_pair_private.o
cstl_priority_queue.o
cstl_priority_queue_private.o
cstl_queue.o
cstl_queue_private.o
cstl_rb_tree.o
cstl_rb_tree_aux.o
cstl_rb_tree_iterator.o
cstl_rb_tree_private.o
cstl_set.o
cstl_set_aux.o
cstl_set_iterator.o
cstl_set_private.o
cstl_slist.o
cstl_slist_aux.o
cstl_slist_iterator.o
cstl_slist_private.o
cstl_stack.o
cstl_stack_private.o
cstl_string.o
cstl_string_private.o
cstl_types.o
cstl_types_aux.o
cstl_types_builtin.o
cstl_types_parse.o
cstl_vector.o
cstl_vector_aux.o
cstl_vector_iterator.o
cstl_vector_private.o
test_map.o
